<?xml version="1.0" encoding="UTF-8"?>
<!-- Generated by org.testng.reporters.JUnitReportReporter -->
<testsuite hostname="ERROR" failures="0" tests="3" name="SignupAndSigninProcess.SignupAndSignin" time="19.124" errors="0" timestamp="2024-04-27T18:43:18 EET" skipped="0">
  <testcase classname="SignupAndSigninProcess.SignupAndSignin" name="signupProcess" time="9.547"/>
  <system-out/>
  <testcase classname="SignupAndSigninProcess.SignupAndSignin" name="signinProcess" time="3.072"/>
  <system-out/>
  <testcase classname="SignupAndSigninProcess.SignupAndSignin" name="addfirstProduct" time="6.505"/>
  <system-out/>
</testsuite> <!-- SignupAndSigninProcess.SignupAndSignin -->
